<?xml version="1.0" encoding="UTF-8"?>
<testsuite name="com.kinto.global.globalcouponbatch.GlobalCouponBatchApplicationTests" tests="1" skipped="0" failures="0" errors="0" timestamp="2022-07-22T05:37:20" hostname="L-YANG" time="1.098">
  <properties/>
  <testcase name="contextLoads()" classname="com.kinto.global.globalcouponbatch.GlobalCouponBatchApplicationTests" time="1.098"/>
  <system-out><![CDATA[14:37:18.028 [Test worker] DEBUG org.springframework.test.context.BootstrapUtils - Instantiating CacheAwareContextLoaderDelegate from class [org.springframework.test.context.cache.DefaultCacheAwareContextLoaderDelegate]
14:37:18.067 [Test worker] DEBUG org.springframework.test.context.BootstrapUtils - Instantiating BootstrapContext using constructor [public org.springframework.test.context.support.DefaultBootstrapContext(java.lang.Class,org.springframework.test.context.CacheAwareContextLoaderDelegate)]
14:37:18.139 [Test worker] DEBUG org.springframework.test.context.BootstrapUtils - Instantiating TestContextBootstrapper for test class [com.kinto.global.globalcouponbatch.GlobalCouponBatchApplicationTests] from class [org.springframework.boot.test.context.SpringBootTestContextBootstrapper]
14:37:18.169 [Test worker] INFO org.springframework.boot.test.context.SpringBootTestContextBootstrapper - Neither @ContextConfiguration nor @ContextHierarchy found for test class [com.kinto.global.globalcouponbatch.GlobalCouponBatchApplicationTests], using SpringBootContextLoader
14:37:18.177 [Test worker] DEBUG org.springframework.test.context.support.AbstractContextLoader - Did not detect default resource location for test class [com.kinto.global.globalcouponbatch.GlobalCouponBatchApplicationTests]: class path resource [com/kinto/global/globalcouponbatch/GlobalCouponBatchApplicationTests-context.xml] does not exist
14:37:18.178 [Test worker] DEBUG org.springframework.test.context.support.AbstractContextLoader - Did not detect default resource location for test class [com.kinto.global.globalcouponbatch.GlobalCouponBatchApplicationTests]: class path resource [com/kinto/global/globalcouponbatch/GlobalCouponBatchApplicationTestsContext.groovy] does not exist
14:37:18.179 [Test worker] INFO org.springframework.test.context.support.AbstractContextLoader - Could not detect default resource locations for test class [com.kinto.global.globalcouponbatch.GlobalCouponBatchApplicationTests]: no resource found for suffixes {-context.xml, Context.groovy}.
14:37:18.299 [Test worker] DEBUG org.springframework.test.context.support.ActiveProfilesUtils - Could not find an 'annotation declaring class' for annotation type [org.springframework.test.context.ActiveProfiles] and class [com.kinto.global.globalcouponbatch.GlobalCouponBatchApplicationTests]
14:37:18.559 [Test worker] DEBUG org.springframework.boot.test.context.SpringBootTestContextBootstrapper - @TestExecutionListeners is not present for class [com.kinto.global.globalcouponbatch.GlobalCouponBatchApplicationTests]: using defaults.
14:37:18.561 [Test worker] INFO org.springframework.boot.test.context.SpringBootTestContextBootstrapper - Loaded default TestExecutionListener class names from location [META-INF/spring.factories]: [org.springframework.boot.test.autoconfigure.restdocs.RestDocsTestExecutionListener, org.springframework.boot.test.autoconfigure.web.client.MockRestServiceServerResetTestExecutionListener, org.springframework.boot.test.autoconfigure.web.servlet.MockMvcPrintOnlyOnFailureTestExecutionListener, org.springframework.boot.test.autoconfigure.web.servlet.WebDriverTestExecutionListener, org.springframework.boot.test.autoconfigure.webservices.client.MockWebServiceServerTestExecutionListener, org.springframework.boot.test.mock.mockito.MockitoTestExecutionListener, org.springframework.boot.test.mock.mockito.ResetMocksTestExecutionListener, org.springframework.test.context.web.ServletTestExecutionListener, org.springframework.test.context.support.DirtiesContextBeforeModesTestExecutionListener, org.springframework.test.context.event.ApplicationEventsTestExecutionListener, org.springframework.test.context.support.DependencyInjectionTestExecutionListener, org.springframework.test.context.support.DirtiesContextTestExecutionListener, org.springframework.test.context.transaction.TransactionalTestExecutionListener, org.springframework.test.context.jdbc.SqlScriptsTestExecutionListener, org.springframework.test.context.event.EventPublishingTestExecutionListener]
14:37:18.593 [Test worker] DEBUG org.springframework.boot.test.context.SpringBootTestContextBootstrapper - Skipping candidate TestExecutionListener [org.springframework.test.context.web.ServletTestExecutionListener] due to a missing dependency. Specify custom listener classes or make the default listener classes and their required dependencies available. Offending class: [javax/servlet/ServletContext]
14:37:18.622 [Test worker] INFO org.springframework.boot.test.context.SpringBootTestContextBootstrapper - Using TestExecutionListeners: [org.springframework.test.context.support.DirtiesContextBeforeModesTestExecutionListener@476aac9, org.springframework.test.context.event.ApplicationEventsTestExecutionListener@6cea706c, org.springframework.boot.test.mock.mockito.MockitoTestExecutionListener@3bd7f8dc, org.springframework.boot.test.autoconfigure.SpringBootDependencyInjectionTestExecutionListener@2f2bf0e2, org.springframework.test.context.support.DirtiesContextTestExecutionListener@1eba372c, org.springframework.test.context.transaction.TransactionalTestExecutionListener@21ec5d87, org.springframework.test.context.jdbc.SqlScriptsTestExecutionListener@25f9407e, org.springframework.test.context.event.EventPublishingTestExecutionListener@552518c3, org.springframework.boot.test.autoconfigure.restdocs.RestDocsTestExecutionListener@1a69561c, org.springframework.boot.test.autoconfigure.web.client.MockRestServiceServerResetTestExecutionListener@59aa20b3, org.springframework.boot.test.autoconfigure.web.servlet.MockMvcPrintOnlyOnFailureTestExecutionListener@363f6148, org.springframework.boot.test.autoconfigure.web.servlet.WebDriverTestExecutionListener@4b21844c, org.springframework.boot.test.autoconfigure.webservices.client.MockWebServiceServerTestExecutionListener@1b28f282, org.springframework.boot.test.mock.mockito.ResetMocksTestExecutionListener@138fe6ec]
14:37:18.637 [Test worker] DEBUG org.springframework.test.context.support.AbstractDirtiesContextTestExecutionListener - Before test class: context [DefaultTestContext@6de54b40 testClass = GlobalCouponBatchApplicationTests, testInstance = [null], testMethod = [null], testException = [null], mergedContextConfiguration = [MergedContextConfiguration@43ed0ff3 testClass = GlobalCouponBatchApplicationTests, locations = '{}', classes = '{class com.kinto.global.globalcouponbatch.GlobalCouponBatchApplicationTests}', contextInitializerClasses = '[]', activeProfiles = '{}', propertySourceLocations = '{}', propertySourceProperties = '{org.springframework.boot.test.context.SpringBootTestContextBootstrapper=true}', contextCustomizers = set[org.springframework.boot.test.autoconfigure.actuate.metrics.MetricsExportContextCustomizerFactory$DisableMetricExportContextCustomizer@4ba302e0, org.springframework.boot.test.autoconfigure.properties.PropertyMappingContextCustomizer@0, org.springframework.boot.test.autoconfigure.web.servlet.WebDriverContextCustomizerFactory$Customizer@72ea6193, org.springframework.boot.test.context.filter.ExcludeFilterContextCustomizer@6b44435b, org.springframework.boot.test.json.DuplicateJsonObjectContextCustomizerFactory$DuplicateJsonObjectContextCustomizer@3542162a, org.springframework.boot.test.mock.mockito.MockitoContextCustomizer@0, org.springframework.boot.test.web.client.TestRestTemplateContextCustomizer@7e22550a, org.springframework.boot.test.context.SpringBootTestArgs@1, org.springframework.boot.test.context.SpringBootTestWebEnvironment@2ad48653], contextLoader = 'org.springframework.boot.test.context.SpringBootContextLoader', parent = [null]], attributes = map[[empty]]], class annotated with @DirtiesContext [false] with mode [null].
14:37:18.685 [Test worker] DEBUG org.springframework.test.context.support.DependencyInjectionTestExecutionListener - Performing dependency injection for test context [[DefaultTestContext@6de54b40 testClass = GlobalCouponBatchApplicationTests, testInstance = com.kinto.global.globalcouponbatch.GlobalCouponBatchApplicationTests@78461bc4, testMethod = [null], testException = [null], mergedContextConfiguration = [MergedContextConfiguration@43ed0ff3 testClass = GlobalCouponBatchApplicationTests, locations = '{}', classes = '{class com.kinto.global.globalcouponbatch.GlobalCouponBatchApplicationTests}', contextInitializerClasses = '[]', activeProfiles = '{}', propertySourceLocations = '{}', propertySourceProperties = '{org.springframework.boot.test.context.SpringBootTestContextBootstrapper=true}', contextCustomizers = set[org.springframework.boot.test.autoconfigure.actuate.metrics.MetricsExportContextCustomizerFactory$DisableMetricExportContextCustomizer@4ba302e0, org.springframework.boot.test.autoconfigure.properties.PropertyMappingContextCustomizer@0, org.springframework.boot.test.autoconfigure.web.servlet.WebDriverContextCustomizerFactory$Customizer@72ea6193, org.springframework.boot.test.context.filter.ExcludeFilterContextCustomizer@6b44435b, org.springframework.boot.test.json.DuplicateJsonObjectContextCustomizerFactory$DuplicateJsonObjectContextCustomizer@3542162a, org.springframework.boot.test.mock.mockito.MockitoContextCustomizer@0, org.springframework.boot.test.web.client.TestRestTemplateContextCustomizer@7e22550a, org.springframework.boot.test.context.SpringBootTestArgs@1, org.springframework.boot.test.context.SpringBootTestWebEnvironment@2ad48653], contextLoader = 'org.springframework.boot.test.context.SpringBootContextLoader', parent = [null]], attributes = map['org.springframework.test.context.event.ApplicationEventsTestExecutionListener.recordApplicationEvents' -> false]]].

  .   ____          _            __ _ _
 /\\ / ___'_ __ _ _(_)_ __  __ _ \ \ \ \
( ( )\___ | '_ | '_| | '_ \/ _` | \ \ \ \
 \\/  ___)| |_)| | | | | || (_| |  ) ) ) )
  '  |____| .__|_| |_|_| |_\__, | / / / /
 =========|_|==============|___/=/_/_/_/
 :: Spring Boot ::                (v2.7.1)

2022-07-22 14:37:20.016  INFO 25664 --- [    Test worker] .k.g.g.GlobalCouponBatchApplicationTests : Starting GlobalCouponBatchApplicationTests using Java 11.0.13 on L-Yang with PID 25664 (started by YangLiming in C:\Yang\Development\global-coupon-batch)
2022-07-22 14:37:20.019  INFO 25664 --- [    Test worker] .k.g.g.GlobalCouponBatchApplicationTests : The following 1 profile is active: "local"
2022-07-22 14:37:20.303  INFO 25664 --- [    Test worker] .k.g.g.GlobalCouponBatchApplicationTests : Started GlobalCouponBatchApplicationTests in 1.56 seconds (JVM running for 5.4)
]]></system-out>
  <system-err><![CDATA[]]></system-err>
</testsuite>
